<?xml version="1.0" encoding="UTF-8"?>
<testsuite name="hello.ApplicationTest" time="0.648" tests="2" errors="0" skipped="0" failures="1">
  <properties>
    <property name="java.runtime.name" value="Java(TM) SE Runtime Environment"/>
    <property name="sun.boot.library.path" value="C:\soft\jdk1.8.0_51\jre\bin"/>
    <property name="java.vm.version" value="25.51-b03"/>
    <property name="java.vm.vendor" value="Oracle Corporation"/>
    <property name="maven.multiModuleProjectDirectory" value="C:\soft\work_space\MyFormSubmission"/>
    <property name="java.vendor.url" value="http://java.oracle.com/"/>
    <property name="path.separator" value=";"/>
    <property name="guice.disable.misplaced.annotation.check" value="true"/>
    <property name="java.vm.name" value="Java HotSpot(TM) 64-Bit Server VM"/>
    <property name="file.encoding.pkg" value="sun.io"/>
    <property name="user.script" value=""/>
    <property name="user.country" value="US"/>
    <property name="sun.java.launcher" value="SUN_STANDARD"/>
    <property name="sun.os.patch.level" value=""/>
    <property name="java.vm.specification.name" value="Java Virtual Machine Specification"/>
    <property name="user.dir" value="C:\soft\work_space\MyFormSubmission"/>
    <property name="java.runtime.version" value="1.8.0_51-b16"/>
    <property name="java.awt.graphicsenv" value="sun.awt.Win32GraphicsEnvironment"/>
    <property name="java.endorsed.dirs" value="C:\soft\jdk1.8.0_51\jre\lib\endorsed"/>
    <property name="os.arch" value="amd64"/>
    <property name="java.io.tmpdir" value="C:\Users\ANUPAM\AppData\Local\Temp\"/>
    <property name="line.separator" value="&#10;"/>
    <property name="java.vm.specification.vendor" value="Oracle Corporation"/>
    <property name="user.variant" value=""/>
    <property name="os.name" value="Windows 8.1"/>
    <property name="classworlds.conf" value="C:\soft\work_space\.metadata\.plugins\org.eclipse.m2e.launching\launches\m2conf8098106842926103072.tmp"/>
    <property name="sun.jnu.encoding" value="Cp1252"/>
    <property name="java.library.path" value="C:\soft\jdk1.8.0_51\bin;C:\WINDOWS\Sun\Java\bin;C:\WINDOWS\system32;C:\WINDOWS;C:/Program Files/Java/jre1.8.0_111/bin/server;C:/Program Files/Java/jre1.8.0_111/bin;C:/Program Files/Java/jre1.8.0_111/lib/amd64;C:\ProgramData\Oracle\Java\javapath;%JAVA_HOME%\bin;C:\WINDOWS\system32;C:\WINDOWS;C:\WINDOWS\System32\Wbem;C:\WINDOWS\System32\WindowsPowerShell\v1.0\;C:\Program Files\MySQL\MySQL Utilities 1.6\;C:\Users\ANUPAM\AppData\Local\Microsoft\WindowsApps;C:\Program Files\Java\jdk1.8.0_45\bin;;C:\Program Files (x86)\Microsoft VS Code\bin;C:\soft\sts-bundle\sts-3.8.2.RELEASE;;."/>
    <property name="java.specification.name" value="Java Platform API Specification"/>
    <property name="java.class.version" value="52.0"/>
    <property name="sun.management.compiler" value="HotSpot 64-Bit Tiered Compilers"/>
    <property name="os.version" value="6.3"/>
    <property name="user.home" value="C:\Users\ANUPAM"/>
    <property name="user.timezone" value="Asia/Calcutta"/>
    <property name="java.awt.printerjob" value="sun.awt.windows.WPrinterJob"/>
    <property name="java.specification.version" value="1.8"/>
    <property name="file.encoding" value="Cp1252"/>
    <property name="user.name" value="ANUPAM"/>
    <property name="java.class.path" value="/C:/soft/sts-bundle/sts-3.8.2.RELEASE/plugins/org.eclipse.m2e.maven.runtime_1.7.0.20160603-1931/jars/plexus-classworlds-2.5.2.jar"/>
    <property name="java.vm.specification.version" value="1.8"/>
    <property name="sun.arch.data.model" value="64"/>
    <property name="java.home" value="C:\soft\jdk1.8.0_51\jre"/>
    <property name="sun.java.command" value="org.codehaus.plexus.classworlds.launcher.Launcher -B -s C:\soft\apache-maven-3.3.9\conf\settings.xml test"/>
    <property name="java.specification.vendor" value="Oracle Corporation"/>
    <property name="user.language" value="en"/>
    <property name="awt.toolkit" value="sun.awt.windows.WToolkit"/>
    <property name="java.vm.info" value="mixed mode"/>
    <property name="java.version" value="1.8.0_51"/>
    <property name="java.ext.dirs" value="C:\soft\jdk1.8.0_51\jre\lib\ext;C:\WINDOWS\Sun\Java\lib\ext"/>
    <property name="sun.boot.class.path" value="C:\soft\jdk1.8.0_51\jre\lib\resources.jar;C:\soft\jdk1.8.0_51\jre\lib\rt.jar;C:\soft\jdk1.8.0_51\jre\lib\sunrsasign.jar;C:\soft\jdk1.8.0_51\jre\lib\jsse.jar;C:\soft\jdk1.8.0_51\jre\lib\jce.jar;C:\soft\jdk1.8.0_51\jre\lib\charsets.jar;C:\soft\jdk1.8.0_51\jre\lib\jfr.jar;C:\soft\jdk1.8.0_51\jre\classes"/>
    <property name="java.vendor" value="Oracle Corporation"/>
    <property name="maven.home" value="C:\soft\work_space\MyFormSubmission\EMBEDDED"/>
    <property name="file.separator" value="\"/>
    <property name="java.vendor.url.bug" value="http://bugreport.sun.com/bugreport/"/>
    <property name="sun.cpu.endian" value="little"/>
    <property name="sun.io.unicode.encoding" value="UnicodeLittle"/>
    <property name="sun.desktop" value="windows"/>
    <property name="sun.cpu.isalist" value="amd64"/>
  </properties>
  <testcase name="rendersForm" classname="hello.ApplicationTest" time="0.581"/>
  <testcase name="submitsForm" classname="hello.ApplicationTest" time="0.067">
    <failure message="Response content&#10;Expected: a string containing &quot;firstName: Mark&quot;&#10;     but: was &quot;&lt;!DOCTYPE HTML&gt;&#10;&#10;&lt;html&gt;&#10;&lt;head&gt;&#10;    &lt;title&gt;Getting Started: Handling Form Submission&lt;/title&gt;&#10;    &lt;meta http-equiv=&quot;Content-Type&quot; content=&quot;text/html; charset=UTF-8&quot; /&gt;&#10;&lt;/head&gt;&#10;&lt;body&gt;&#10;	&lt;h1&gt;Result&lt;/h1&gt;&#10;    &lt;p&gt;id: 12345&lt;/p&gt;&#10;    &lt;p&gt;First Name Mark&lt;/p&gt;&#10;    &lt;p&gt;Last Namenull&lt;/p&gt;&#10;    &lt;a href=&quot;/greeting&quot;&gt;Submit another message&lt;/a&gt;&#10;&lt;/body&gt;&#10;&lt;/html&gt;&quot;" type="java.lang.AssertionError"><![CDATA[java.lang.AssertionError: Response content
Expected: a string containing "firstName: Mark"
     but: was "<!DOCTYPE HTML>

<html>
<head>
    <title>Getting Started: Handling Form Submission</title>
    <meta http-equiv="Content-Type" content="text/html; charset=UTF-8" />
</head>
<body>
	<h1>Result</h1>
    <p>id: 12345</p>
    <p>First Name Mark</p>
    <p>Last Namenull</p>
    <a href="/greeting">Submit another message</a>
</body>
</html>"
	at org.hamcrest.MatcherAssert.assertThat(MatcherAssert.java:20)
	at org.springframework.test.web.servlet.result.ContentResultMatchers$4.match(ContentResultMatchers.java:137)
	at org.springframework.test.web.servlet.MockMvc$1.andExpect(MockMvc.java:171)
	at hello.ApplicationTest.submitsForm(ApplicationTest.java:49)
]]></failure>
    <system-out><![CDATA[2017-02-08 18:43:30.482 DEBUG 7380 --- [           main] s.w.s.m.m.a.RequestMappingHandlerMapping : Looking up handler method for path /welcome
2017-02-08 18:43:30.482 DEBUG 7380 --- [           main] s.w.s.m.m.a.RequestMappingHandlerMapping : Returning handler method [public java.lang.String hello.WelcomeController.welcomeSubmit(hello.Welcome)]
2017-02-08 18:43:30.486 DEBUG 7380 --- [           main] o.s.w.s.v.ContentNegotiatingViewResolver : Requested media types are [*/*] based on Accept header types and producible media types [*/*])
2017-02-08 18:43:30.486 DEBUG 7380 --- [           main] o.s.w.servlet.view.BeanNameViewResolver  : No matching bean found for view name 'result'
2017-02-08 18:43:30.487 DEBUG 7380 --- [           main] o.s.w.s.v.ContentNegotiatingViewResolver : Returning [org.thymeleaf.spring4.view.ThymeleafView@3cb8c8ce] based on requested media type '*/*'

MockHttpServletRequest:
      HTTP Method = GET
      Request URI = /welcome
       Parameters = {}
          Headers = {}

Handler:
             Type = hello.WelcomeController
           Method = public java.lang.String hello.WelcomeController.welcomeForm(org.springframework.ui.Model)

Async:
    Async started = false
     Async result = null

Resolved Exception:
             Type = null

ModelAndView:
        View name = welcome
             View = null
        Attribute = welcome
            value = hello.Welcome@53a9fcfd
           errors = []

FlashMap:
       Attributes = null

MockHttpServletResponse:
           Status = 200
    Error message = null
          Headers = {Content-Type=[text/html;charset=UTF-8]}
     Content type = text/html;charset=UTF-8
             Body = <!DOCTYPE HTML>

<html>
<head>
    <title>Getting Started: Handling Form Submission</title>
    <meta http-equiv="Content-Type" content="text/html; charset=UTF-8" />
</head>
<body>
	<h1>Form</h1>
    <form action="/welcome" method="post">
    	<p>First Name <input type="text" id="firstName" name="firstName" value="" /></p>
        <p>Last Name <input type="text" id="lastName" name="lastName" value="" /></p>
        <p> ID: <input type="text" id="id" name="id" value="0" /></p> 
        <p><input type="submit" value="Submit" /> <input type="reset" value="Reset" /></p>
    </form>
</body>
</html>
    Forwarded URL = null
   Redirected URL = null
          Cookies = []

MockHttpServletRequest:
      HTTP Method = POST
      Request URI = /welcome
       Parameters = {id=[12345], firstName=[Mark]}
          Headers = {}

Handler:
             Type = hello.WelcomeController
           Method = public java.lang.String hello.WelcomeController.welcomeSubmit(hello.Welcome)

Async:
    Async started = false
     Async result = null

Resolved Exception:
             Type = null

ModelAndView:
        View name = result
             View = null
        Attribute = welcome
            value = hello.Welcome@859ea42
           errors = []

FlashMap:
       Attributes = null

MockHttpServletResponse:
           Status = 200
    Error message = null
          Headers = {Content-Type=[text/html;charset=UTF-8]}
     Content type = text/html;charset=UTF-8
             Body = <!DOCTYPE HTML>

<html>
<head>
    <title>Getting Started: Handling Form Submission</title>
    <meta http-equiv="Content-Type" content="text/html; charset=UTF-8" />
</head>
<body>
	<h1>Result</h1>
    <p>id: 12345</p>
    <p>First Name Mark</p>
    <p>Last Namenull</p>
    <a href="/greeting">Submit another message</a>
</body>
</html>
    Forwarded URL = null
   Redirected URL = null
          Cookies = []
]]></system-out>
  </testcase>
</testsuite>